0 info it worked if it ends with ok
1 verbose cli [ 'node', '/usr/local/bin/npm', 'install', 'grunt' ]
2 info using npm@2.7.5
3 info using node@v0.12.2
4 silly cache add args [ 'grunt', null ]
5 verbose cache add spec grunt
6 silly cache add parsed spec { raw: 'grunt',
6 silly cache add   scope: null,
6 silly cache add   name: 'grunt',
6 silly cache add   rawSpec: '',
6 silly cache add   spec: '*',
6 silly cache add   type: 'range' }
7 verbose addNamed grunt@*
8 silly addNamed semver.valid null
9 silly addNamed semver.validRange *
10 silly addNameRange { name: 'grunt', range: '*', hasData: false }
11 silly mapToRegistry name grunt
12 silly mapToRegistry using default registry
13 silly mapToRegistry registry https://registry.npmjs.org/
14 silly mapToRegistry uri https://registry.npmjs.org/grunt
15 verbose addNameRange registry:https://registry.npmjs.org/grunt not in flight; fetching
16 verbose request uri https://registry.npmjs.org/grunt
17 verbose request no auth needed
18 info attempt registry request try #1 at 13:36:12
19 verbose request id 064b0b432f715318
20 http request GET https://registry.npmjs.org/grunt
21 http 200 https://registry.npmjs.org/grunt
22 silly get cb [ 200,
22 silly get   { server: 'CouchDB/1.5.0 (Erlang OTP/R16B03)',
22 silly get     etag: '"3TZI4JA12HJJMS0M8EFZA00P9"',
22 silly get     'content-type': 'application/json',
22 silly get     'cache-control': 'max-age=300',
22 silly get     'content-length': '93768',
22 silly get     'accept-ranges': 'bytes',
22 silly get     date: 'Wed, 17 Feb 2016 19:36:14 GMT',
22 silly get     via: '1.1 varnish',
22 silly get     age: '140',
22 silly get     connection: 'keep-alive',
22 silly get     'x-served-by': 'cache-ord1720-ORD',
22 silly get     'x-cache': 'HIT',
22 silly get     'x-cache-hits': '184',
22 silly get     'x-timer': 'S1455737774.168711,VS0,VE0',
22 silly get     vary: 'Accept' } ]
23 verbose get saving grunt to /home/ixbalanque/.npm/registry.npmjs.org/grunt/.cache.json
24 silly addNameRange number 2 { name: 'grunt', range: '*', hasData: true }
25 silly addNameRange versions [ 'grunt',
25 silly addNameRange   [ '0.1.0',
25 silly addNameRange     '0.1.1',
25 silly addNameRange     '0.1.2',
25 silly addNameRange     '0.2.0',
25 silly addNameRange     '0.2.1',
25 silly addNameRange     '0.2.2',
25 silly addNameRange     '0.2.3',
25 silly addNameRange     '0.2.4',
25 silly addNameRange     '0.2.5',
25 silly addNameRange     '0.2.6',
25 silly addNameRange     '0.2.7',
25 silly addNameRange     '0.2.8',
25 silly addNameRange     '0.2.9',
25 silly addNameRange     '0.2.10',
25 silly addNameRange     '0.2.11',
25 silly addNameRange     '0.2.12',
25 silly addNameRange     '0.2.13',
25 silly addNameRange     '0.2.14',
25 silly addNameRange     '0.2.15',
25 silly addNameRange     '0.3.0',
25 silly addNameRange     '0.3.1',
25 silly addNameRange     '0.3.2',
25 silly addNameRange     '0.3.3',
25 silly addNameRange     '0.3.4',
25 silly addNameRange     '0.3.5',
25 silly addNameRange     '0.3.6',
25 silly addNameRange     '0.3.7',
25 silly addNameRange     '0.3.8',
25 silly addNameRange     '0.3.9',
25 silly addNameRange     '0.3.10',
25 silly addNameRange     '0.3.11',
25 silly addNameRange     '0.3.12',
25 silly addNameRange     '0.3.13',
25 silly addNameRange     '0.3.14',
25 silly addNameRange     '0.3.15',
25 silly addNameRange     '0.3.16',
25 silly addNameRange     '0.3.17',
25 silly addNameRange     '0.4.0',
25 silly addNameRange     '0.4.1',
25 silly addNameRange     '0.4.2',
25 silly addNameRange     '0.4.3',
25 silly addNameRange     '0.4.4',
25 silly addNameRange     '0.4.5',
25 silly addNameRange     '1.0.0-rc1',
25 silly addNameRange     '0.3.13-a',
25 silly addNameRange     '0.4.0-a',
25 silly addNameRange     '0.4.0-rc1',
25 silly addNameRange     '0.4.0-rc2',
25 silly addNameRange     '0.4.0-rc3',
25 silly addNameRange     '0.4.0-rc4',
25 silly addNameRange     '0.4.0-rc5',
25 silly addNameRange     '0.4.0-rc6',
25 silly addNameRange     '0.4.0-rc7',
25 silly addNameRange     '0.4.0-rc8' ] ]
26 verbose addNamed grunt@0.4.5
27 silly addNamed semver.valid 0.4.5
28 silly addNamed semver.validRange 0.4.5
29 silly mapToRegistry name grunt
30 silly mapToRegistry using default registry
31 silly mapToRegistry registry https://registry.npmjs.org/
32 silly mapToRegistry uri https://registry.npmjs.org/grunt
33 verbose addRemoteTarball https://registry.npmjs.org/grunt/-/grunt-0.4.5.tgz not in flight; adding
34 verbose addRemoteTarball [ 'https://registry.npmjs.org/grunt/-/grunt-0.4.5.tgz',
34 verbose addRemoteTarball   '56937cd5194324adff6d207631832a9d6ba4e7f0' ]
35 info retry fetch attempt 1 at 13:36:13
36 info attempt registry request try #1 at 13:36:13
37 http fetch GET https://registry.npmjs.org/grunt/-/grunt-0.4.5.tgz
38 http fetch 200 https://registry.npmjs.org/grunt/-/grunt-0.4.5.tgz
39 silly fetchAndShaCheck shasum 56937cd5194324adff6d207631832a9d6ba4e7f0
40 verbose addTmpTarball /tmp/npm-15089-701c7746/registry.npmjs.org/grunt/-/grunt-0.4.5.tgz not in flight; adding
41 verbose addTmpTarball already have metadata; skipping unpack for grunt@0.4.5
42 silly cache afterAdd grunt@0.4.5
43 verbose afterAdd /home/ixbalanque/.npm/grunt/0.4.5/package/package.json not in flight; writing
44 verbose afterAdd /home/ixbalanque/.npm/grunt/0.4.5/package/package.json written
45 silly install resolved [ { name: 'grunt',
45 silly install resolved     description: 'The JavaScript Task Runner',
45 silly install resolved     version: '0.4.5',
45 silly install resolved     author: { name: '"Cowboy" Ben Alman', url: 'http://benalman.com/' },
45 silly install resolved     homepage: 'http://gruntjs.com/',
45 silly install resolved     repository: { type: 'git', url: 'git://github.com/gruntjs/grunt.git' },
45 silly install resolved     bugs: { url: 'http://github.com/gruntjs/grunt/issues' },
45 silly install resolved     licenses: [ [Object] ],
45 silly install resolved     main: 'lib/grunt',
45 silly install resolved     scripts: { test: 'grunt test' },
45 silly install resolved     engines: { node: '>= 0.8.0' },
45 silly install resolved     keywords:
45 silly install resolved      [ 'task',
45 silly install resolved        'async',
45 silly install resolved        'cli',
45 silly install resolved        'minify',
45 silly install resolved        'uglify',
45 silly install resolved        'build',
45 silly install resolved        'lodash',
45 silly install resolved        'unit',
45 silly install resolved        'test',
45 silly install resolved        'qunit',
45 silly install resolved        'nodeunit',
45 silly install resolved        'server',
45 silly install resolved        'init',
45 silly install resolved        'scaffold',
45 silly install resolved        'make',
45 silly install resolved        'jake',
45 silly install resolved        'tool' ],
45 silly install resolved     dependencies:
45 silly install resolved      { async: '~0.1.22',
45 silly install resolved        'coffee-script': '~1.3.3',
45 silly install resolved        colors: '~0.6.2',
45 silly install resolved        dateformat: '1.0.2-1.2.3',
45 silly install resolved        eventemitter2: '~0.4.13',
45 silly install resolved        'findup-sync': '~0.1.2',
45 silly install resolved        glob: '~3.1.21',
45 silly install resolved        hooker: '~0.2.3',
45 silly install resolved        'iconv-lite': '~0.2.11',
45 silly install resolved        minimatch: '~0.2.12',
45 silly install resolved        nopt: '~1.0.10',
45 silly install resolved        rimraf: '~2.2.8',
45 silly install resolved        lodash: '~0.9.2',
45 silly install resolved        'underscore.string': '~2.2.1',
45 silly install resolved        which: '~1.0.5',
45 silly install resolved        'js-yaml': '~2.0.5',
45 silly install resolved        exit: '~0.1.1',
45 silly install resolved        getobject: '~0.1.0',
45 silly install resolved        'grunt-legacy-util': '~0.2.0',
45 silly install resolved        'grunt-legacy-log': '~0.1.0' },
45 silly install resolved     devDependencies:
45 silly install resolved      { temporary: '~0.0.4',
45 silly install resolved        'grunt-contrib-jshint': '~0.6.4',
45 silly install resolved        'grunt-contrib-nodeunit': '~0.2.0',
45 silly install resolved        'grunt-contrib-watch': '~0.5.3',
45 silly install resolved        difflet: '~0.2.3',
45 silly install resolved        semver: '2.1.0',
45 silly install resolved        shelljs: '~0.2.5' },
45 silly install resolved     _id: 'grunt@0.4.5',
45 silly install resolved     dist:
45 silly install resolved      { shasum: '56937cd5194324adff6d207631832a9d6ba4e7f0',
45 silly install resolved        tarball: 'http://registry.npmjs.org/grunt/-/grunt-0.4.5.tgz' },
45 silly install resolved     _from: 'grunt@*',
45 silly install resolved     _npmVersion: '1.4.4',
45 silly install resolved     _npmUser: { name: 'cowboy', email: 'cowboy@rj3.net' },
45 silly install resolved     maintainers: [ [Object], [Object] ],
45 silly install resolved     directories: {},
45 silly install resolved     _shasum: '56937cd5194324adff6d207631832a9d6ba4e7f0',
45 silly install resolved     _resolved: 'https://registry.npmjs.org/grunt/-/grunt-0.4.5.tgz' } ]
46 info install grunt@0.4.5 into /home/ixbalanque/proyectos/ui-fx-test
47 info installOne grunt@0.4.5
48 verbose installOne of grunt to /home/ixbalanque/proyectos/ui-fx-test not in flight; installing
49 warn locking Error: EACCES, open '/home/ixbalanque/.npm/_locks/grunt-531a78e578290359.lock'
49 warn locking     at Error (native)
49 warn locking  /home/ixbalanque/.npm/_locks/grunt-531a78e578290359.lock failed { [Error: EACCES, open '/home/ixbalanque/.npm/_locks/grunt-531a78e578290359.lock']
49 warn locking   errno: -13,
49 warn locking   code: 'EACCES',
49 warn locking   path: '/home/ixbalanque/.npm/_locks/grunt-531a78e578290359.lock' }
50 verbose stack Error: Attempt to unlock /home/ixbalanque/proyectos/ui-fx-test/node_modules/grunt, which hasn't been locked
50 verbose stack     at unlock (/usr/local/lib/node_modules/npm/lib/utils/locker.js:66:11)
50 verbose stack     at cb (/usr/local/lib/node_modules/npm/lib/install.js:1004:5)
50 verbose stack     at /usr/local/lib/node_modules/npm/lib/install.js:1008:20
50 verbose stack     at /usr/local/lib/node_modules/npm/lib/utils/locker.js:40:9
50 verbose stack     at cb (/usr/local/lib/node_modules/npm/node_modules/lockfile/lockfile.js:149:38)
50 verbose stack     at /usr/local/lib/node_modules/npm/node_modules/lockfile/lockfile.js:177:38
50 verbose stack     at FSReqWrap.oncomplete (fs.js:95:15)
51 verbose cwd /home/ixbalanque/proyectos/ui-fx-test/app
52 error Linux 3.13.0-74-generic
53 error argv "node" "/usr/local/bin/npm" "install" "grunt"
54 error node v0.12.2
55 error npm  v2.7.5
56 error Attempt to unlock /home/ixbalanque/proyectos/ui-fx-test/node_modules/grunt, which hasn't been locked
57 error If you need help, you may report this error at:
57 error     <https://github.com/npm/npm/issues>
58 verbose exit [ 1, true ]
